<?xml version="1.0" encoding="UTF-8"?>
<!-- Generated by org.testng.reporters.JUnitReportReporter -->
<testsuite skipped="0" hostname="DESKTOP-NVGHHF7" name="runner.RunCucumberTest" tests="1" failures="0" timestamp="2023-12-20T21:11:40 IST" time="0.188" errors="0">
  <testcase name="runScenario" time="0.188" classname="runner.RunCucumberTest"/>
  <system-out/>
</testsuite> <!-- runner.RunCucumberTest -->
