<?xml version="1.0" encoding="UTF-8"?>
<!-- Generated by org.testng.reporters.JUnitReportReporter -->
<testsuite skipped="0" hostname="DESKTOP-NVGHHF7" name="runner.RunCucumberTest" tests="25" failures="0" timestamp="2024-01-08T01:18:02 IST" time="48.067" errors="0">
  <testcase name="runScenario" time="3.452" classname="runner.RunCucumberTest"/>
  <system-out/>
  <testcase name="runScenario" time="1.120" classname="runner.RunCucumberTest"/>
  <system-out/>
  <testcase name="runScenario" time="0.725" classname="runner.RunCucumberTest"/>
  <system-out/>
  <testcase name="runScenario" time="3.452" classname="runner.RunCucumberTest"/>
  <system-out/>
  <testcase name="runScenario" time="0.754" classname="runner.RunCucumberTest"/>
  <system-out/>
  <testcase name="runScenario" time="3.089" classname="runner.RunCucumberTest"/>
  <system-out/>
  <testcase name="runScenario" time="0.753" classname="runner.RunCucumberTest"/>
  <system-out/>
  <testcase name="runScenario" time="3.454" classname="runner.RunCucumberTest"/>
  <system-out/>
  <testcase name="runScenario" time="0.625" classname="runner.RunCucumberTest"/>
  <system-out/>
  <testcase name="runScenario" time="0.589" classname="runner.RunCucumberTest"/>
  <system-out/>
  <testcase name="runScenario" time="1.291" classname="runner.RunCucumberTest"/>
  <system-out/>
  <testcase name="runScenario" time="3.452" classname="runner.RunCucumberTest"/>
  <system-out/>
  <testcase name="runScenario" time="1.118" classname="runner.RunCucumberTest"/>
  <system-out/>
  <testcase name="runScenario" time="2.927" classname="runner.RunCucumberTest"/>
  <system-out/>
  <testcase name="runScenario" time="2.927" classname="runner.RunCucumberTest"/>
  <system-out/>
  <testcase name="runScenario" time="0.591" classname="runner.RunCucumberTest"/>
  <system-out/>
  <testcase name="runScenario" time="3.106" classname="runner.RunCucumberTest"/>
  <system-out/>
  <testcase name="runScenario" time="0.792" classname="runner.RunCucumberTest"/>
  <system-out/>
  <testcase name="runScenario" time="0.583" classname="runner.RunCucumberTest"/>
  <system-out/>
  <testcase name="runScenario" time="1.149" classname="runner.RunCucumberTest"/>
  <system-out/>
  <testcase name="runScenario" time="1.271" classname="runner.RunCucumberTest"/>
  <system-out/>
  <testcase name="runScenario" time="3.451" classname="runner.RunCucumberTest"/>
  <system-out/>
  <testcase name="runScenario" time="6.069" classname="runner.RunCucumberTest"/>
  <system-out/>
  <testcase name="runScenario" time="0.729" classname="runner.RunCucumberTest"/>
  <system-out/>
  <testcase name="runScenario" time="0.598" classname="runner.RunCucumberTest"/>
  <system-out/>
</testsuite> <!-- runner.RunCucumberTest -->
